0 verbose cli C:\Program Files\nodejs\node.exe C:\Program Files\nodejs\node_modules\npm\bin\npm-cli.js
1 info using npm@9.6.7
2 info using node@v18.17.0
3 timing npm:load:whichnode Completed in 4ms
4 timing config:load:defaults Completed in 4ms
5 timing config:load:file:C:\Program Files\nodejs\node_modules\npm\npmrc Completed in 7ms
6 timing config:load:builtin Completed in 7ms
7 timing config:load:cli Completed in 2ms
8 timing config:load:env Completed in 1ms
9 timing config:load:file:C:\Users\LENOVO\Documents\Talent Project\talentverify-frontend\.npmrc Completed in 0ms
10 timing config:load:project Completed in 3ms
11 timing config:load:file:C:\Users\LENOVO\.npmrc Completed in 0ms
12 timing config:load:user Completed in 0ms
13 timing config:load:file:C:\Users\LENOVO\AppData\Roaming\npm\etc\npmrc Completed in 2ms
14 timing config:load:global Completed in 2ms
15 timing config:load:setEnvs Completed in 1ms
16 timing config:load Completed in 20ms
17 timing npm:load:configload Completed in 20ms
18 timing npm:load:mkdirpcache Completed in 1ms
19 timing npm:load:mkdirplogs Completed in 1ms
20 verbose title npm start
21 verbose argv "start"
22 timing npm:load:setTitle Completed in 2ms
23 timing config:load:flatten Completed in 13ms
24 timing npm:load:display Completed in 16ms
25 verbose logfile logs-max:10 dir:C:\Users\LENOVO\Documents\Talent Project\talentverify-frontend\tmpnodejsnpm-cache\_logs\2023-07-24T13_51_53_733Z-
26 verbose logfile C:\Users\LENOVO\Documents\Talent Project\talentverify-frontend\tmpnodejsnpm-cache\_logs\2023-07-24T13_51_53_733Z-debug-0.log
27 timing npm:load:logFile Completed in 19ms
28 timing npm:load:timers Completed in 0ms
29 timing npm:load:configScope Completed in 0ms
30 timing npm:load Completed in 63ms
31 silly logfile start cleaning logs, removing 2 files
32 silly logfile done cleaning log files
