0 verbose cli C:\Program Files\nodejs\node.exe C:\Program Files\nodejs\node_modules\npm\bin\npm-cli.js
1 info using npm@9.6.7
2 info using node@v18.17.0
3 timing npm:load:whichnode Completed in 5ms
4 timing config:load:defaults Completed in 4ms
5 timing config:load:file:C:\Program Files\nodejs\node_modules\npm\npmrc Completed in 17ms
6 timing config:load:builtin Completed in 18ms
7 timing config:load:cli Completed in 5ms
8 timing config:load:env Completed in 1ms
9 timing config:load:file:C:\Users\LENOVO\Documents\Talent Project\talentverify-frontend\.npmrc Completed in 1ms
10 timing config:load:project Completed in 3ms
11 timing config:load:file:C:\Users\LENOVO\.npmrc Completed in 1ms
12 timing config:load:user Completed in 1ms
13 timing config:load:file:C:\Users\LENOVO\AppData\Roaming\npm\etc\npmrc Completed in 13ms
14 timing config:load:global Completed in 13ms
15 timing config:load:setEnvs Completed in 2ms
16 timing config:load Completed in 51ms
17 timing npm:load:configload Completed in 51ms
18 timing npm:load:mkdirpcache Completed in 0ms
19 timing npm:load:mkdirplogs Completed in 2ms
20 verbose title npm start
21 verbose argv "start"
22 timing npm:load:setTitle Completed in 9ms
23 timing config:load:flatten Completed in 13ms
24 timing npm:load:display Completed in 19ms
25 verbose logfile logs-max:10 dir:C:\Users\LENOVO\Documents\Talent Project\talentverify-frontend\tmpnodejsnpm-cache\_logs\2023-07-23T19_07_12_677Z-
26 verbose logfile C:\Users\LENOVO\Documents\Talent Project\talentverify-frontend\tmpnodejsnpm-cache\_logs\2023-07-23T19_07_12_677Z-debug-0.log
27 timing npm:load:logFile Completed in 22ms
28 timing npm:load:timers Completed in 0ms
29 timing npm:load:configScope Completed in 0ms
30 timing npm:load Completed in 110ms
31 silly logfile done cleaning log files
32 timing command:run-script Completed in 1164006ms
33 timing command:start Completed in 1164033ms
34 verbose exit 3221225786
35 timing npm Completed in 1164163ms
36 verbose code 3221225786
