0 verbose cli C:\Program Files\nodejs\node.exe C:\Program Files\nodejs\node_modules\npm\bin\npm-cli.js
1 info using npm@9.6.7
2 info using node@v18.17.0
3 timing npm:load:whichnode Completed in 7ms
4 timing config:load:defaults Completed in 6ms
5 timing config:load:file:C:\Program Files\nodejs\node_modules\npm\npmrc Completed in 11ms
6 timing config:load:builtin Completed in 12ms
7 timing config:load:cli Completed in 6ms
8 timing config:load:env Completed in 1ms
9 timing config:load:file:c:\Users\LENOVO\Documents\Talent Project\talentverify-frontend\.npmrc Completed in 0ms
10 timing config:load:project Completed in 4ms
11 timing config:load:file:C:\Users\LENOVO\.npmrc Completed in 1ms
12 timing config:load:user Completed in 1ms
13 timing config:load:file:C:\Users\LENOVO\AppData\Roaming\npm\etc\npmrc Completed in 2ms
14 timing config:load:global Completed in 3ms
15 timing config:load:setEnvs Completed in 2ms
16 timing config:load Completed in 36ms
17 timing npm:load:configload Completed in 37ms
18 timing npm:load:mkdirpcache Completed in 1ms
19 timing npm:load:mkdirplogs Completed in 2ms
20 verbose title npm view react-router-dom description dist-tags.latest homepage version time
21 verbose argv "view" "--json" "react-router-dom" "description" "dist-tags.latest" "homepage" "version" "time"
22 timing npm:load:setTitle Completed in 4ms
23 timing config:load:flatten Completed in 6ms
24 timing npm:load:display Completed in 9ms
25 verbose logfile logs-max:10 dir:C:\Users\LENOVO\Documents\Talent Project\talentverify-frontend\tmpnodejsnpm-cache\_logs\2023-07-23T19_29_47_533Z-
26 verbose logfile C:\Users\LENOVO\Documents\Talent Project\talentverify-frontend\tmpnodejsnpm-cache\_logs\2023-07-23T19_29_47_533Z-debug-0.log
27 timing npm:load:logFile Completed in 34ms
28 timing npm:load:timers Completed in 0ms
29 timing npm:load:configScope Completed in 0ms
30 timing npm:load Completed in 95ms
31 silly logfile done cleaning log files
32 http fetch GET 200 https://registry.npmjs.org/react-router-dom 4763ms (cache miss)
33 timing command:view Completed in 4810ms
34 verbose exit 0
35 timing npm Completed in 6215ms
36 info ok
